<?xml version="1.0" encoding="UTF-8"?>
<!-- Generated by org.testng.reporters.JUnitXMLReporter -->
<testsuite ignored="0" hostname="Rohit-RG" failures="0" tests="9" name="Free CRM App Test Cases" time="68.62" errors="0" timestamp="2024-03-07T21:04:52 IST">
  <testcase classname="com.mcp.qa.testcases.HomeAndNavigationTest" name="Homepagefun" time="1.275"/>
  <testcase classname="com.mcp.qa.testcases.AddCustomersTest" name="customerDetails" time="2.12"/>
  <testcase classname="com.mcp.qa.testcases.AddCustomersTest" name="invalidCustomerDetails" time="2.102"/>
  <testcase classname="com.mcp.qa.testcases.OpenAccountTest" name="managertest" time="4.487"/>
  <testcase classname="com.mcp.qa.testcases.CustomersTest" name="managertest" time="5.597"/>
  <testcase classname="com.mcp.qa.testcases.ExistingCustomerTest" name="existingtest" time="3.383"/>
  <testcase classname="com.mcp.qa.testcases.CustomerLoginAndDetailsTest" name="testCustomerLoginFlow" time="2.357"/>
  <testcase classname="com.mcp.qa.testcases.DepositAndWithdrawalTest" name="testCustomerLoginFlow" time="6.018"/>
  <testcase classname="com.mcp.qa.testcases.TransactionDetailsTest" name="testCustomerLoginFlow" time="7.325"/>
</testsuite> <!-- Free CRM App Test Cases -->
