<?xml version="1.0" encoding="UTF-8"?>
<!-- Generated by org.testng.reporters.JUnitXMLReporter -->
<testsuite ignored="0" hostname="Rohit-RG" failures="0" tests="3" name="Surefire test" time="8.101" errors="0" timestamp="06 Mar 2024 16:31:30 GMT">
  <testcase classname="com.crm.qa.testcases.AddToCartTest" name="AddToCartTest1" time="0.847"/>
  <testcase classname="com.crm.qa.testcases.CheckOutPageTest" name="AddToCartTest1" time="1.602"/>
  <testcase classname="com.crm.qa.testcases.LoginPageTest" name="loginTest" time="0.469"/>
</testsuite> <!-- Surefire test -->
