<?xml version="1.0" encoding="UTF-8"?>
<!-- Generated by org.testng.reporters.JUnitXMLReporter -->
<testsuite ignored="0" hostname="Rohit-RG" failures="0" tests="9" name="Maniap Capstone Project Running on Chrome" time="53.303" errors="0" timestamp="2024-03-08T16:30:41 IST">
  <testcase classname="com.mcp.qa.testcases.HomeAndNavigationTest" name="Homepagefun" time="1.039"/>
  <testcase classname="com.mcp.qa.testcases.AddCustomersTest" name="customerDetails" time="1.98"/>
  <testcase classname="com.mcp.qa.testcases.AddCustomersTest" name="invalidCustomerDetails" time="1.922"/>
  <testcase classname="com.mcp.qa.testcases.OpenAccountTest" name="managertest" time="5.01"/>
  <testcase classname="com.mcp.qa.testcases.CustomersTest" name="managertest" time="6.033"/>
  <testcase classname="com.mcp.qa.testcases.ExistingCustomerTest" name="existingtest" time="3.21"/>
  <testcase classname="com.mcp.qa.testcases.CustomerLoginAndDetailsTest" name="testCustomerLoginFlow" time="2.235"/>
  <testcase classname="com.mcp.qa.testcases.DepositAndWithdrawalTest" name="testCustomerLoginFlow" time="5.354"/>
  <testcase classname="com.mcp.qa.testcases.TransactionDetailsTest" name="testCustomerLoginFlow" time="6.812"/>
</testsuite> <!-- Maniap Capstone Project Running on Chrome -->
