<?xml version="1.0" encoding="UTF-8"?>
<!-- Generated by org.testng.reporters.JUnitXMLReporter -->
<testsuite ignored="0" hostname="Rohit-RG" failures="0" tests="1" name="Maniap Capstone Project Running on Edge" time="0.098" errors="0" timestamp="2024-03-08T09:48:47 IST">
  <testcase classname="com.mcp.qa.testcases.TransactionDetailsTest" name="testCustomerLoginFlow" time="0.001">
    <skipped/>
  </testcase> <!-- testCustomerLoginFlow -->
</testsuite> <!-- Maniap Capstone Project Running on Edge -->
