<?xml version="1.0" encoding="UTF-8"?>
<!-- Generated by org.testng.reporters.JUnitXMLReporter -->
<testsuite ignored="0" hostname="Rohit-RG" failures="0" tests="1" name="Maniap Capstone Project Running on FireFox" time="0.098" errors="0" timestamp="2024-03-08T09:48:47 IST">
  <testcase classname="com.mcp.qa.testcases.TransactionDetailsTest" name="@BeforeMethod setUp" time="0.016">
    <failure type="java.lang.NullPointerException" message="Cannot invoke &amp;quot;String.equals(Object)&amp;quot; because &amp;quot;browserName&amp;quot; is null">
      <![CDATA[java.lang.NullPointerException: Cannot invoke "String.equals(Object)" because "browserName" is null
at com.mcp.qa.base.TestBase.initializeDriver(TestBase.java:43)
at com.mcp.qa.testcases.TransactionDetailsTest.setUp(TransactionDetailsTest.java:19)
at java.base/java.util.ArrayList.forEach(ArrayList.java:1596)
at java.base/java.util.concurrent.FutureTask.run(FutureTask.java:317)
at java.base/java.util.concurrent.ThreadPoolExecutor.runWorker(ThreadPoolExecutor.java:1144)
at java.base/java.util.concurrent.ThreadPoolExecutor$Worker.run(ThreadPoolExecutor.java:642)
at java.base/java.lang.Thread.run(Thread.java:1583)
... Removed 19 stack frames]]>
    </failure>
  </testcase> <!-- @BeforeMethod setUp -->
  <testcase classname="com.mcp.qa.testcases.TransactionDetailsTest" name="testCustomerLoginFlow" time="0.001">
    <skipped/>
  </testcase> <!-- testCustomerLoginFlow -->
</testsuite> <!-- Maniap Capstone Project Running on FireFox -->
