<?xml version="1.0" encoding="UTF-8"?>
<testng-results ignored="0" total="9" passed="9" failed="0" skipped="0">
  <reporter-output>
  </reporter-output>
  <suite started-at="2024-03-07T21:37:35 IST" name="FREE CRM Application Test Automation Test Suite" finished-at="2024-03-07T21:38:26 IST" duration-ms="51680">
    <groups>
    </groups>
    <test started-at="2024-03-07T21:37:35 IST" name="Free CRM App Test Cases" finished-at="2024-03-07T21:38:26 IST" duration-ms="51680">
      <class name="com.mcp.qa.testcases.ExistingCustomerTest">
        <test-method is-config="true" signature="setUp()[pri:0, instance:com.mcp.qa.testcases.ExistingCustomerTest@18ce0030]" started-at="2024-03-07T21:38:01 IST" name="setUp" finished-at="2024-03-07T21:38:03 IST" duration-ms="2197" status="PASS">
          <reporter-output>
          </reporter-output>
        </test-method> <!-- setUp -->
        <test-method signature="existingtest()[pri:0, instance:com.mcp.qa.testcases.ExistingCustomerTest@18ce0030]" started-at="2024-03-07T21:38:03 IST" name="existingtest" finished-at="2024-03-07T21:38:06 IST" duration-ms="2897" status="PASS">
          <reporter-output>
          </reporter-output>
        </test-method> <!-- existingtest -->
      </class> <!-- com.mcp.qa.testcases.ExistingCustomerTest -->
      <class name="com.mcp.qa.testcases.TransactionDetailsTest">
        <test-method is-config="true" signature="setUp()[pri:0, instance:com.mcp.qa.testcases.TransactionDetailsTest@25d250c6]" started-at="2024-03-07T21:38:18 IST" name="setUp" finished-at="2024-03-07T21:38:20 IST" duration-ms="1988" status="PASS">
          <reporter-output>
          </reporter-output>
        </test-method> <!-- setUp -->
        <test-method signature="testCustomerLoginFlow()[pri:0, instance:com.mcp.qa.testcases.TransactionDetailsTest@25d250c6]" started-at="2024-03-07T21:38:20 IST" name="testCustomerLoginFlow" finished-at="2024-03-07T21:38:26 IST" duration-ms="6652" status="PASS">
          <reporter-output>
          </reporter-output>
        </test-method> <!-- testCustomerLoginFlow -->
      </class> <!-- com.mcp.qa.testcases.TransactionDetailsTest -->
      <class name="com.mcp.qa.testcases.DepositAndWithdrawalTest">
        <test-method is-config="true" signature="setUp()[pri:0, instance:com.mcp.qa.testcases.DepositAndWithdrawalTest@45b9a632]" started-at="2024-03-07T21:38:10 IST" name="setUp" finished-at="2024-03-07T21:38:12 IST" duration-ms="2002" status="PASS">
          <reporter-output>
          </reporter-output>
        </test-method> <!-- setUp -->
        <test-method signature="testCustomerLoginFlow()[pri:0, instance:com.mcp.qa.testcases.DepositAndWithdrawalTest@45b9a632]" started-at="2024-03-07T21:38:12 IST" name="testCustomerLoginFlow" finished-at="2024-03-07T21:38:18 IST" duration-ms="5562" status="PASS">
          <reporter-output>
          </reporter-output>
        </test-method> <!-- testCustomerLoginFlow -->
      </class> <!-- com.mcp.qa.testcases.DepositAndWithdrawalTest -->
      <class name="com.mcp.qa.testcases.OpenAccountTest">
        <test-method is-config="true" signature="setUp()[pri:0, instance:com.mcp.qa.testcases.OpenAccountTest@309e345f]" started-at="2024-03-07T21:37:47 IST" name="setUp" finished-at="2024-03-07T21:37:49 IST" duration-ms="2065" status="PASS">
          <reporter-output>
          </reporter-output>
        </test-method> <!-- setUp -->
        <test-method signature="managertest()[pri:1, instance:com.mcp.qa.testcases.OpenAccountTest@309e345f]" started-at="2024-03-07T21:37:49 IST" name="managertest" finished-at="2024-03-07T21:37:53 IST" duration-ms="4174" status="PASS">
          <reporter-output>
          </reporter-output>
        </test-method> <!-- managertest -->
      </class> <!-- com.mcp.qa.testcases.OpenAccountTest -->
      <class name="com.mcp.qa.testcases.CustomerLoginAndDetailsTest">
        <test-method is-config="true" signature="setUp()[pri:0, instance:com.mcp.qa.testcases.CustomerLoginAndDetailsTest@4445629]" started-at="2024-03-07T21:38:06 IST" name="setUp" finished-at="2024-03-07T21:38:08 IST" duration-ms="2116" status="PASS">
          <reporter-output>
          </reporter-output>
        </test-method> <!-- setUp -->
        <test-method signature="testCustomerLoginFlow()[pri:0, instance:com.mcp.qa.testcases.CustomerLoginAndDetailsTest@4445629]" started-at="2024-03-07T21:38:08 IST" name="testCustomerLoginFlow" finished-at="2024-03-07T21:38:10 IST" duration-ms="2242" status="PASS">
          <reporter-output>
          </reporter-output>
        </test-method> <!-- testCustomerLoginFlow -->
      </class> <!-- com.mcp.qa.testcases.CustomerLoginAndDetailsTest -->
      <class name="com.mcp.qa.testcases.AddCustomersTest">
        <test-method is-config="true" signature="setUp()[pri:0, instance:com.mcp.qa.testcases.AddCustomersTest@7a4ccb53]" started-at="2024-03-07T21:37:39 IST" name="setUp" finished-at="2024-03-07T21:37:41 IST" duration-ms="2223" status="PASS">
          <reporter-output>
          </reporter-output>
        </test-method> <!-- setUp -->
        <test-method signature="customerDetails()[pri:1, instance:com.mcp.qa.testcases.AddCustomersTest@7a4ccb53]" started-at="2024-03-07T21:37:41 IST" name="customerDetails" finished-at="2024-03-07T21:37:43 IST" duration-ms="2266" status="PASS">
          <reporter-output>
          </reporter-output>
        </test-method> <!-- customerDetails -->
        <test-method is-config="true" signature="setUp()[pri:0, instance:com.mcp.qa.testcases.AddCustomersTest@7a4ccb53]" started-at="2024-03-07T21:37:43 IST" name="setUp" finished-at="2024-03-07T21:37:45 IST" duration-ms="2077" status="PASS">
          <reporter-output>
          </reporter-output>
        </test-method> <!-- setUp -->
        <test-method signature="invalidCustomerDetails()[pri:2, instance:com.mcp.qa.testcases.AddCustomersTest@7a4ccb53]" started-at="2024-03-07T21:37:45 IST" name="invalidCustomerDetails" finished-at="2024-03-07T21:37:47 IST" duration-ms="1902" status="PASS">
          <reporter-output>
          </reporter-output>
        </test-method> <!-- invalidCustomerDetails -->
      </class> <!-- com.mcp.qa.testcases.AddCustomersTest -->
      <class name="com.mcp.qa.testcases.HomeAndNavigationTest">
        <test-method is-config="true" signature="setUp()[pri:0, instance:com.mcp.qa.testcases.HomeAndNavigationTest@6293abcc]" started-at="2024-03-07T21:37:35 IST" name="setUp" finished-at="2024-03-07T21:37:38 IST" duration-ms="2964" status="PASS">
          <reporter-output>
          </reporter-output>
        </test-method> <!-- setUp -->
        <test-method signature="Homepagefun()[pri:0, instance:com.mcp.qa.testcases.HomeAndNavigationTest@6293abcc]" started-at="2024-03-07T21:37:38 IST" name="Homepagefun" finished-at="2024-03-07T21:37:39 IST" duration-ms="1040" status="PASS">
          <reporter-output>
          </reporter-output>
        </test-method> <!-- Homepagefun -->
      </class> <!-- com.mcp.qa.testcases.HomeAndNavigationTest -->
      <class name="com.mcp.qa.testcases.CustomersTest">
        <test-method is-config="true" signature="setUp()[pri:0, instance:com.mcp.qa.testcases.CustomersTest@56a6d5a6]" started-at="2024-03-07T21:37:53 IST" name="setUp" finished-at="2024-03-07T21:37:55 IST" duration-ms="2087" status="PASS">
          <reporter-output>
          </reporter-output>
        </test-method> <!-- setUp -->
        <test-method signature="managertest()[pri:1, instance:com.mcp.qa.testcases.CustomersTest@56a6d5a6]" started-at="2024-03-07T21:37:55 IST" name="managertest" finished-at="2024-03-07T21:38:01 IST" duration-ms="5160" status="PASS">
          <reporter-output>
          </reporter-output>
        </test-method> <!-- managertest -->
      </class> <!-- com.mcp.qa.testcases.CustomersTest -->
    </test> <!-- Free CRM App Test Cases -->
  </suite> <!-- FREE CRM Application Test Automation Test Suite -->
</testng-results>
