<?xml version="1.0" encoding="UTF-8"?>
<testsuite xmlns:xsi="http://www.w3.org/2001/XMLSchema-instance" xsi:noNamespaceSchemaLocation="https://maven.apache.org/surefire/maven-surefire-plugin/xsd/surefire-test-report.xsd" name="TestSuite" time="73.272" tests="9" errors="0" skipped="0" failures="3">
  <properties>
[...]
</properties>
  <testcase name="Homepagefun" classname="com.mcp.qa.testcases.HomeAndNavigationTest" time="1.303"/>
  <testcase name="customerDetails" classname="com.mcp.qa.testcases.AddCustomersTest" time="2.193"/>
  <testcase name="invalidCustomerDetails" classname="com.mcp.qa.testcases.AddCustomersTest" time="1.994">
    <failure message="Account is not added as the details are invalid expected [Please provide the valid Customer details] but found [Customer added successfully with customer id :6]" type="java.lang.AssertionError">java.lang.AssertionError: Account is not added as the details are invalid expected [Please provide the valid Customer details] but found [Customer added successfully with customer id :6]
	at com.mcp.qa.testcases.AddCustomersTest.invalidCustomerDetails(AddCustomersTest.java:33)
</failure>
    <system-out><![CDATA[Before navigating to: 'https://www.globalsqa.com/angularJs-protractor/BankingProject/#/login'
Navigated to:'https://www.globalsqa.com/angularJs-protractor/BankingProject/#/login'
Trying to find Element By : By.xpath: //button[contains(text(),'Bank Manager Login')]
Found Element By : By.xpath: //button[contains(text(),'Bank Manager Login')]
Trying to find Element By : By.xpath: //button[contains(text(),'Bank Manager Login')]
Found Element By : By.xpath: //button[contains(text(),'Bank Manager Login')]
Trying to click on: [[ChromeDriver: chrome on windows (0b8a02086f64698d38c4dfaaf7bd9343)] -> xpath: //button[contains(text(),'Bank Manager Login')]]
Clicked on: [[ChromeDriver: chrome on windows (0b8a02086f64698d38c4dfaaf7bd9343)] -> xpath: //button[contains(text(),'Bank Manager Login')]]
Manager Login Button is Clicked
Trying to find Element By : By.xpath: //button[contains(text(),'Add Customer')]
Found Element By : By.xpath: //button[contains(text(),'Add Customer')]
Trying to find Element By : By.xpath: //button[contains(text(),'Add Customer')]
Found Element By : By.xpath: //button[contains(text(),'Add Customer')]
Trying to click on: [[ChromeDriver: chrome on windows (0b8a02086f64698d38c4dfaaf7bd9343)] -> xpath: //button[contains(text(),'Add Customer')]]
Clicked on: [[ChromeDriver: chrome on windows (0b8a02086f64698d38c4dfaaf7bd9343)] -> xpath: //button[contains(text(),'Add Customer')]]
Add Customer Button is Clicked
Trying to find Element By : By.xpath: //input[@placeholder='First Name']
Found Element By : By.xpath: //input[@placeholder='First Name']
First Name : Raj56@#$%^ is Added in the field
Trying to find Element By : By.xpath: //input[@placeholder='Last Name']
Found Element By : By.xpath: //input[@placeholder='Last Name']
Last Name : (*&^Kapoor is Added in the field
Trying to find Element By : By.xpath: //input[@placeholder='Post Code']
Found Element By : By.xpath: //input[@placeholder='Post Code']
Post Code : @#%^XYZA is Added in the field
Trying to find Element By : By.xpath: //button[@type='submit']
Found Element By : By.xpath: //button[@type='submit']
Trying to click on: [[ChromeDriver: chrome on windows (0b8a02086f64698d38c4dfaaf7bd9343)] -> xpath: //button[@type='submit']]
Clicked on: [[ChromeDriver: chrome on windows (0b8a02086f64698d38c4dfaaf7bd9343)] -> xpath: //button[@type='submit']]
]]></system-out>
    <system-err><![CDATA[Mar 11, 2024 1:49:14 PM org.openqa.selenium.devtools.CdpVersionFinder findNearestMatch
WARNING: Unable to find an exact match for CDP version 122, returning the closest version; found: 119; Please update to a Selenium version that supports CDP version 122
]]></system-err>
  </testcase>
  <testcase name="managertest" classname="com.mcp.qa.testcases.OpenAccountTest" time="5.157"/>
  <testcase name="managertest" classname="com.mcp.qa.testcases.CustomersTest" time="6.494">
    <failure message="no such alert&#10;  (Session info: chrome=122.0.6261.112)&#10;Build info: version: &apos;4.15.0&apos;, revision: &apos;1d14b5521b&apos;&#10;System info: os.name: &apos;Windows 11&apos;, os.arch: &apos;amd64&apos;, os.version: &apos;10.0&apos;, java.version: &apos;21.0.2&apos;&#10;Driver info: org.openqa.selenium.chrome.ChromeDriver&#10;Command: [7dcd10de570ee8ce802bada90889892c, getAlertText {}]&#10;Capabilities {acceptInsecureCerts: false, browserName: chrome, browserVersion: 122.0.6261.112, chrome: {chromedriverVersion: 122.0.6261.57 (87957e464700..., userDataDir: C:\Users\rohit\AppData\Loca...}, fedcm:accounts: true, goog:chromeOptions: {debuggerAddress: localhost:52450}, networkConnectionEnabled: false, pageLoadStrategy: normal, platformName: windows, proxy: Proxy(), se:cdp: ws://localhost:52450/devtoo..., se:cdpVersion: 122.0.6261.112, setWindowRect: true, strictFileInteractability: false, timeouts: {implicit: 0, pageLoad: 300000, script: 30000}, unhandledPromptBehavior: dismiss and notify, webauthn:extension:credBlob: true, webauthn:extension:largeBlob: true, webauthn:extension:minPinLength: true, webauthn:extension:prf: true, webauthn:virtualAuthenticators: true}&#10;Session ID: 7dcd10de570ee8ce802bada90889892c" type="org.openqa.selenium.NoAlertPresentException">org.openqa.selenium.NoAlertPresentException: 
no such alert
  (Session info: chrome=122.0.6261.112)
Build info: version: '4.15.0', revision: '1d14b5521b'
System info: os.name: 'Windows 11', os.arch: 'amd64', os.version: '10.0', java.version: '21.0.2'
Driver info: org.openqa.selenium.chrome.ChromeDriver
Command: [7dcd10de570ee8ce802bada90889892c, getAlertText {}]
Capabilities {acceptInsecureCerts: false, browserName: chrome, browserVersion: 122.0.6261.112, chrome: {chromedriverVersion: 122.0.6261.57 (87957e464700..., userDataDir: C:\Users\rohit\AppData\Loca...}, fedcm:accounts: true, goog:chromeOptions: {debuggerAddress: localhost:52450}, networkConnectionEnabled: false, pageLoadStrategy: normal, platformName: windows, proxy: Proxy(), se:cdp: ws://localhost:52450/devtoo..., se:cdpVersion: 122.0.6261.112, setWindowRect: true, strictFileInteractability: false, timeouts: {implicit: 0, pageLoad: 300000, script: 30000}, unhandledPromptBehavior: dismiss and notify, webauthn:extension:credBlob: true, webauthn:extension:largeBlob: true, webauthn:extension:minPinLength: true, webauthn:extension:prf: true, webauthn:virtualAuthenticators: true}
Session ID: 7dcd10de570ee8ce802bada90889892c
	at com.mcp.qa.testcases.CustomersTest.managertest(CustomersTest.java:27)
</failure>
    <system-out><![CDATA[Before navigating to: 'https://www.globalsqa.com/angularJs-protractor/BankingProject/#/login'
Navigated to:'https://www.globalsqa.com/angularJs-protractor/BankingProject/#/login'
Trying to find Element By : By.xpath: //button[contains(text(),'Bank Manager Login')]
Found Element By : By.xpath: //button[contains(text(),'Bank Manager Login')]
Trying to find Element By : By.xpath: //button[contains(text(),'Bank Manager Login')]
Found Element By : By.xpath: //button[contains(text(),'Bank Manager Login')]
Trying to click on: [[ChromeDriver: chrome on windows (7dcd10de570ee8ce802bada90889892c)] -> xpath: //button[contains(text(),'Bank Manager Login')]]
Clicked on: [[ChromeDriver: chrome on windows (7dcd10de570ee8ce802bada90889892c)] -> xpath: //button[contains(text(),'Bank Manager Login')]]
Manager Login Button is Clicked
Trying to find Element By : By.xpath: //button[contains(text(),'Add Customer')]
Found Element By : By.xpath: //button[contains(text(),'Add Customer')]
Trying to find Element By : By.xpath: //button[contains(text(),'Add Customer')]
Found Element By : By.xpath: //button[contains(text(),'Add Customer')]
Trying to click on: [[ChromeDriver: chrome on windows (7dcd10de570ee8ce802bada90889892c)] -> xpath: //button[contains(text(),'Add Customer')]]
Clicked on: [[ChromeDriver: chrome on windows (7dcd10de570ee8ce802bada90889892c)] -> xpath: //button[contains(text(),'Add Customer')]]
Add Customer Button is Clicked
Trying to find Element By : By.xpath: //input[@placeholder='First Name']
Found Element By : By.xpath: //input[@placeholder='First Name']
First Name : Rohit is Added in the field
Trying to find Element By : By.xpath: //input[@placeholder='Last Name']
Found Element By : By.xpath: //input[@placeholder='Last Name']
Last Name : RG is Added in the field
Trying to find Element By : By.xpath: //input[@placeholder='Post Code']
Found Element By : By.xpath: //input[@placeholder='Post Code']
Post Code : 585105 is Added in the field
Trying to find Element By : By.xpath: //button[@type='submit']
Found Element By : By.xpath: //button[@type='submit']
Trying to click on: [[ChromeDriver: chrome on windows (7dcd10de570ee8ce802bada90889892c)] -> xpath: //button[@type='submit']]
Clicked on: [[ChromeDriver: chrome on windows (7dcd10de570ee8ce802bada90889892c)] -> xpath: //button[@type='submit']]
Submit Button is Clicked
Customer added successfully with customer id :6
Trying to find Element By : By.xpath: //button[contains(text(),'Open Account')]
Found Element By : By.xpath: //button[contains(text(),'Open Account')]
Trying to find Element By : By.xpath: //button[contains(text(),'Open Account')]
Found Element By : By.xpath: //button[contains(text(),'Open Account')]
Trying to click on: [[ChromeDriver: chrome on windows (7dcd10de570ee8ce802bada90889892c)] -> xpath: //button[contains(text(),'Open Account')]]
Clicked on: [[ChromeDriver: chrome on windows (7dcd10de570ee8ce802bada90889892c)] -> xpath: //button[contains(text(),'Open Account')]]
Open Account Button is Clicked
Trying to find Element By : By.xpath: (//select[@id='userSelect'])[1]
Found Element By : By.xpath: (//select[@id='userSelect'])[1]
Trying to find Element By : By.xpath: (//select[@id='userSelect'])[1]
Found Element By : By.xpath: (//select[@id='userSelect'])[1]
Trying to find Element By : By.xpath: (//select[@id='userSelect'])[1]
Found Element By : By.xpath: (//select[@id='userSelect'])[1]
Trying to find Element By : By.xpath: (//select[@id='userSelect'])[1]
Found Element By : By.xpath: (//select[@id='userSelect'])[1]
Trying to find Element By : By.xpath: (//select[@id='userSelect'])[1]
Found Element By : By.xpath: (//select[@id='userSelect'])[1]
Trying to find Element By : By.tagName: option
Found Element By : By.tagName: option
Rohit RG is Selected from the Customer DropDown Menu
Trying to find Element By : By.xpath: (//select[@id='userSelect'])[1]
Found Element By : By.xpath: (//select[@id='userSelect'])[1]
Trying to find Element By : By.xpath: (//select[@id='userSelect'])[1]
Found Element By : By.xpath: (//select[@id='userSelect'])[1]
Trying to find Element By : By.tagName: option
Found Element By : By.tagName: option
Trying to click on: [[[[ChromeDriver: chrome on windows (7dcd10de570ee8ce802bada90889892c)] -> xpath: (//select[@id='userSelect'])[1]]] -> tag name: option]
Clicked on: [[[[ChromeDriver: chrome on windows (7dcd10de570ee8ce802bada90889892c)] -> xpath: (//select[@id='userSelect'])[1]]] -> tag name: option]
Rohit RG is Selected from the Customer DropDown Menu
Trying to find Element By : By.xpath: (//select[@id='userSelect'])[1]
Found Element By : By.xpath: (//select[@id='userSelect'])[1]
Trying to find Element By : By.xpath: (//select[@id='userSelect'])[1]
Found Element By : By.xpath: (//select[@id='userSelect'])[1]
Trying to find Element By : By.tagName: option
Found Element By : By.tagName: option
Trying to click on: [[[[ChromeDriver: chrome on windows (7dcd10de570ee8ce802bada90889892c)] -> xpath: (//select[@id='userSelect'])[1]]] -> tag name: option]
Clicked on: [[[[ChromeDriver: chrome on windows (7dcd10de570ee8ce802bada90889892c)] -> xpath: (//select[@id='userSelect'])[1]]] -> tag name: option]
Rohit RG is Selected from the Customer DropDown Menu
Trying to find Element By : By.xpath: (//select[@id='userSelect'])[1]
Found Element By : By.xpath: (//select[@id='userSelect'])[1]
Trying to find Element By : By.xpath: (//select[@id='userSelect'])[1]
Found Element By : By.xpath: (//select[@id='userSelect'])[1]
Trying to find Element By : By.tagName: option
Found Element By : By.tagName: option
Trying to click on: [[[[ChromeDriver: chrome on windows (7dcd10de570ee8ce802bada90889892c)] -> xpath: (//select[@id='userSelect'])[1]]] -> tag name: option]
Clicked on: [[[[ChromeDriver: chrome on windows (7dcd10de570ee8ce802bada90889892c)] -> xpath: (//select[@id='userSelect'])[1]]] -> tag name: option]
Rohit RG is Selected from the Customer DropDown Menu
Trying to find Element By : By.xpath: (//select[@id='userSelect'])[1]
Found Element By : By.xpath: (//select[@id='userSelect'])[1]
Trying to find Element By : By.xpath: (//select[@id='userSelect'])[1]
Found Element By : By.xpath: (//select[@id='userSelect'])[1]
Trying to find Element By : By.tagName: option
Found Element By : By.tagName: option
Trying to click on: [[[[ChromeDriver: chrome on windows (7dcd10de570ee8ce802bada90889892c)] -> xpath: (//select[@id='userSelect'])[1]]] -> tag name: option]
Clicked on: [[[[ChromeDriver: chrome on windows (7dcd10de570ee8ce802bada90889892c)] -> xpath: (//select[@id='userSelect'])[1]]] -> tag name: option]
Rohit RG is Selected from the Customer DropDown Menu
Trying to find Element By : By.xpath: (//select[@id='userSelect'])[1]
Found Element By : By.xpath: (//select[@id='userSelect'])[1]
Trying to find Element By : By.xpath: (//select[@id='userSelect'])[1]
Found Element By : By.xpath: (//select[@id='userSelect'])[1]
Trying to find Element By : By.tagName: option
Found Element By : By.tagName: option
Trying to click on: [[[[ChromeDriver: chrome on windows (7dcd10de570ee8ce802bada90889892c)] -> xpath: (//select[@id='userSelect'])[1]]] -> tag name: option]
Clicked on: [[[[ChromeDriver: chrome on windows (7dcd10de570ee8ce802bada90889892c)] -> xpath: (//select[@id='userSelect'])[1]]] -> tag name: option]
Rohit RG is Selected from the Customer DropDown Menu
Trying to find Element By : By.xpath: (//select[@id='userSelect'])[1]
Found Element By : By.xpath: (//select[@id='userSelect'])[1]
Trying to find Element By : By.xpath: (//select[@id='userSelect'])[1]
Found Element By : By.xpath: (//select[@id='userSelect'])[1]
Trying to find Element By : By.tagName: option
Found Element By : By.tagName: option
Trying to click on: [[[[ChromeDriver: chrome on windows (7dcd10de570ee8ce802bada90889892c)] -> xpath: (//select[@id='userSelect'])[1]]] -> tag name: option]
Clicked on: [[[[ChromeDriver: chrome on windows (7dcd10de570ee8ce802bada90889892c)] -> xpath: (//select[@id='userSelect'])[1]]] -> tag name: option]
Rohit RG is Selected from the Customer DropDown Menu
Trying to find Element By : By.xpath: //select[@id='currency']
Found Element By : By.xpath: //select[@id='currency']
Trying to find Element By : By.xpath: //select[@id='currency']
Found Element By : By.xpath: //select[@id='currency']
Trying to find Element By : By.xpath: //select[@id='currency']
Found Element By : By.xpath: //select[@id='currency']
Trying to find Element By : By.xpath: //select[@id='currency']
Found Element By : By.xpath: //select[@id='currency']
Trying to find Element By : By.xpath: //select[@id='currency']
Found Element By : By.xpath: //select[@id='currency']
Trying to find Element By : By.tagName: option
Found Element By : By.tagName: option
Rupee is Selected from the Currency DropDown Menu
Trying to find Element By : By.xpath: //select[@id='currency']
Found Element By : By.xpath: //select[@id='currency']
Trying to find Element By : By.xpath: //select[@id='currency']
Found Element By : By.xpath: //select[@id='currency']
Trying to find Element By : By.tagName: option
Found Element By : By.tagName: option
Trying to click on: [[[[ChromeDriver: chrome on windows (7dcd10de570ee8ce802bada90889892c)] -> xpath: //select[@id='currency']]] -> tag name: option]
Clicked on: [[[[ChromeDriver: chrome on windows (7dcd10de570ee8ce802bada90889892c)] -> xpath: //select[@id='currency']]] -> tag name: option]
Rupee is Selected from the Currency DropDown Menu
Trying to find Element By : By.xpath: //select[@id='currency']
Found Element By : By.xpath: //select[@id='currency']
Trying to find Element By : By.xpath: //select[@id='currency']
Found Element By : By.xpath: //select[@id='currency']
Trying to find Element By : By.tagName: option
Found Element By : By.tagName: option
Trying to click on: [[[[ChromeDriver: chrome on windows (7dcd10de570ee8ce802bada90889892c)] -> xpath: //select[@id='currency']]] -> tag name: option]
Clicked on: [[[[ChromeDriver: chrome on windows (7dcd10de570ee8ce802bada90889892c)] -> xpath: //select[@id='currency']]] -> tag name: option]
Rupee is Selected from the Currency DropDown Menu
Trying to find Element By : By.xpath: //select[@id='currency']
Found Element By : By.xpath: //select[@id='currency']
Trying to find Element By : By.xpath: //select[@id='currency']
Found Element By : By.xpath: //select[@id='currency']
Trying to find Element By : By.tagName: option
Found Element By : By.tagName: option
Trying to click on: [[[[ChromeDriver: chrome on windows (7dcd10de570ee8ce802bada90889892c)] -> xpath: //select[@id='currency']]] -> tag name: option]
Clicked on: [[[[ChromeDriver: chrome on windows (7dcd10de570ee8ce802bada90889892c)] -> xpath: //select[@id='currency']]] -> tag name: option]
Rupee is Selected from the Currency DropDown Menu
Trying to find Element By : By.xpath: //button[normalize-space()='Process']
Found Element By : By.xpath: //button[normalize-space()='Process']
Trying to click on: [[ChromeDriver: chrome on windows (7dcd10de570ee8ce802bada90889892c)] -> xpath: //button[normalize-space()='Process']]
Clicked on: [[ChromeDriver: chrome on windows (7dcd10de570ee8ce802bada90889892c)] -> xpath: //button[normalize-space()='Process']]
Process Button is Clicked
Account created successfully with account Number :1016
Trying to find Element By : By.xpath: //button[normalize-space()='Customers']
Found Element By : By.xpath: //button[normalize-space()='Customers']
Trying to find Element By : By.xpath: //button[normalize-space()='Customers']
Found Element By : By.xpath: //button[normalize-space()='Customers']
Trying to click on: [[ChromeDriver: chrome on windows (7dcd10de570ee8ce802bada90889892c)] -> xpath: //button[normalize-space()='Customers']]
Clicked on: [[ChromeDriver: chrome on windows (7dcd10de570ee8ce802bada90889892c)] -> xpath: //button[normalize-space()='Customers']]
Customers Button is Clicked
Trying to find Element By : By.xpath: //input[@placeholder='Search Customer']
Found Element By : By.xpath: //input[@placeholder='Search Customer']
Rohit is Added in the Search Box
Trying to find Element By : By.xpath:  (//button[normalize-space()='Delete'])[1]
Found Element By : By.xpath:  (//button[normalize-space()='Delete'])[1]
Trying to find Element By : By.xpath:  (//button[normalize-space()='Delete'])[1]
Found Element By : By.xpath:  (//button[normalize-space()='Delete'])[1]
Trying to click on: [[ChromeDriver: chrome on windows (7dcd10de570ee8ce802bada90889892c)] -> xpath:  (//button[normalize-space()='Delete'])[1]]
Clicked on: [[ChromeDriver: chrome on windows (7dcd10de570ee8ce802bada90889892c)] -> xpath:  (//button[normalize-space()='Delete'])[1]]
]]></system-out>
    <system-err><![CDATA[Mar 11, 2024 1:49:27 PM org.openqa.selenium.devtools.CdpVersionFinder findNearestMatch
WARNING: Unable to find an exact match for CDP version 122, returning the closest version; found: 119; Please update to a Selenium version that supports CDP version 122
]]></system-err>
  </testcase>
  <testcase name="existingtest" classname="com.mcp.qa.testcases.ExistingCustomerTest" time="5.313"/>
  <testcase name="testCustomerLoginFlow" classname="com.mcp.qa.testcases.CustomerLoginAndDetailsTest" time="3.038"/>
  <testcase name="testCustomerLoginFlow" classname="com.mcp.qa.testcases.DepositAndWithdrawalTest" time="7.772"/>
  <testcase name="testCustomerLoginFlow" classname="com.mcp.qa.testcases.TransactionDetailsTest" time="10.406">
    <failure message="no such alert&#10;  (Session info: chrome=122.0.6261.112)&#10;Build info: version: &apos;4.15.0&apos;, revision: &apos;1d14b5521b&apos;&#10;System info: os.name: &apos;Windows 11&apos;, os.arch: &apos;amd64&apos;, os.version: &apos;10.0&apos;, java.version: &apos;21.0.2&apos;&#10;Driver info: org.openqa.selenium.chrome.ChromeDriver&#10;Command: [348e42e0cd2d6c3e01690685e2cea9ab, getAlertText {}]&#10;Capabilities {acceptInsecureCerts: false, browserName: chrome, browserVersion: 122.0.6261.112, chrome: {chromedriverVersion: 122.0.6261.57 (87957e464700..., userDataDir: C:\Users\rohit\AppData\Loca...}, fedcm:accounts: true, goog:chromeOptions: {debuggerAddress: localhost:52559}, networkConnectionEnabled: false, pageLoadStrategy: normal, platformName: windows, proxy: Proxy(), se:cdp: ws://localhost:52559/devtoo..., se:cdpVersion: 122.0.6261.112, setWindowRect: true, strictFileInteractability: false, timeouts: {implicit: 0, pageLoad: 300000, script: 30000}, unhandledPromptBehavior: dismiss and notify, webauthn:extension:credBlob: true, webauthn:extension:largeBlob: true, webauthn:extension:minPinLength: true, webauthn:extension:prf: true, webauthn:virtualAuthenticators: true}&#10;Session ID: 348e42e0cd2d6c3e01690685e2cea9ab" type="org.openqa.selenium.NoAlertPresentException">org.openqa.selenium.NoAlertPresentException: 
no such alert
  (Session info: chrome=122.0.6261.112)
Build info: version: '4.15.0', revision: '1d14b5521b'
System info: os.name: 'Windows 11', os.arch: 'amd64', os.version: '10.0', java.version: '21.0.2'
Driver info: org.openqa.selenium.chrome.ChromeDriver
Command: [348e42e0cd2d6c3e01690685e2cea9ab, getAlertText {}]
Capabilities {acceptInsecureCerts: false, browserName: chrome, browserVersion: 122.0.6261.112, chrome: {chromedriverVersion: 122.0.6261.57 (87957e464700..., userDataDir: C:\Users\rohit\AppData\Loca...}, fedcm:accounts: true, goog:chromeOptions: {debuggerAddress: localhost:52559}, networkConnectionEnabled: false, pageLoadStrategy: normal, platformName: windows, proxy: Proxy(), se:cdp: ws://localhost:52559/devtoo..., se:cdpVersion: 122.0.6261.112, setWindowRect: true, strictFileInteractability: false, timeouts: {implicit: 0, pageLoad: 300000, script: 30000}, unhandledPromptBehavior: dismiss and notify, webauthn:extension:credBlob: true, webauthn:extension:largeBlob: true, webauthn:extension:minPinLength: true, webauthn:extension:prf: true, webauthn:virtualAuthenticators: true}
Session ID: 348e42e0cd2d6c3e01690685e2cea9ab
	at com.mcp.qa.testcases.TransactionDetailsTest.testCustomerLoginFlow(TransactionDetailsTest.java:25)
</failure>
    <system-out><![CDATA[Before navigating to: 'https://www.globalsqa.com/angularJs-protractor/BankingProject/#/login'
Navigated to:'https://www.globalsqa.com/angularJs-protractor/BankingProject/#/login'
Trying to find Element By : By.xpath: //button[contains(text(),'Customer Login')]
Found Element By : By.xpath: //button[contains(text(),'Customer Login')]
Trying to find Element By : By.xpath: //button[contains(text(),'Customer Login')]
Found Element By : By.xpath: //button[contains(text(),'Customer Login')]
Trying to click on: [[ChromeDriver: chrome on windows (348e42e0cd2d6c3e01690685e2cea9ab)] -> xpath: //button[contains(text(),'Customer Login')]]
Clicked on: [[ChromeDriver: chrome on windows (348e42e0cd2d6c3e01690685e2cea9ab)] -> xpath: //button[contains(text(),'Customer Login')]]
Trying to find Element By : By.xpath: //select[@id='userSelect']
Found Element By : By.xpath: //select[@id='userSelect']
Trying to find Element By : By.xpath: //select[@id='userSelect']
Found Element By : By.xpath: //select[@id='userSelect']
Trying to find Element By : By.xpath: //select[@id='userSelect']
Found Element By : By.xpath: //select[@id='userSelect']
Trying to find Element By : By.xpath: //select[@id='userSelect']
Found Element By : By.xpath: //select[@id='userSelect']
Trying to find Element By : By.xpath: //select[@id='userSelect']
Found Element By : By.xpath: //select[@id='userSelect']
Trying to find Element By : By.tagName: option
Found Element By : By.tagName: option
User Name is Selected from the DropDown Menu
Trying to find Element By : By.xpath: //select[@id='userSelect']
Found Element By : By.xpath: //select[@id='userSelect']
Trying to find Element By : By.xpath: //select[@id='userSelect']
Found Element By : By.xpath: //select[@id='userSelect']
Trying to find Element By : By.tagName: option
Found Element By : By.tagName: option
Trying to click on: [[[[ChromeDriver: chrome on windows (348e42e0cd2d6c3e01690685e2cea9ab)] -> xpath: //select[@id='userSelect']]] -> tag name: option]
Clicked on: [[[[ChromeDriver: chrome on windows (348e42e0cd2d6c3e01690685e2cea9ab)] -> xpath: //select[@id='userSelect']]] -> tag name: option]
User Name is Selected from the DropDown Menu
Trying to find Element By : By.xpath: //button[normalize-space()='Login']
Found Element By : By.xpath: //button[normalize-space()='Login']
Trying to find Element By : By.xpath: //button[normalize-space()='Login']
Found Element By : By.xpath: //button[normalize-space()='Login']
Trying to click on: [[ChromeDriver: chrome on windows (348e42e0cd2d6c3e01690685e2cea9ab)] -> xpath: //button[normalize-space()='Login']]
Clicked on: [[ChromeDriver: chrome on windows (348e42e0cd2d6c3e01690685e2cea9ab)] -> xpath: //button[normalize-space()='Login']]
Clicked on Login Button on Login Page and the User is Navigated to the Customer Dashboard Page
Trying to find Element By : By.xpath: //select[@id='accountSelect']
Found Element By : By.xpath: //select[@id='accountSelect']
Trying to find Element By : By.xpath: //select[@id='accountSelect']
Found Element By : By.xpath: //select[@id='accountSelect']
Trying to find Element By : By.xpath: //select[@id='accountSelect']
Found Element By : By.xpath: //select[@id='accountSelect']
Trying to find Element By : By.xpath: //select[@id='accountSelect']
Found Element By : By.xpath: //select[@id='accountSelect']
Trying to find Element By : By.xpath: //select[@id='accountSelect']
Found Element By : By.xpath: //select[@id='accountSelect']
Trying to find Element By : By.tagName: option
Found Element By : By.tagName: option
User's Account Number is Selected from the DropDown Menu
Trying to find Element By : By.xpath: //select[@id='accountSelect']
Found Element By : By.xpath: //select[@id='accountSelect']
Trying to find Element By : By.xpath: //select[@id='accountSelect']
Found Element By : By.xpath: //select[@id='accountSelect']
Trying to find Element By : By.tagName: option
Found Element By : By.tagName: option
Trying to click on: [[[[ChromeDriver: chrome on windows (348e42e0cd2d6c3e01690685e2cea9ab)] -> xpath: //select[@id='accountSelect']]] -> tag name: option]
Clicked on: [[[[ChromeDriver: chrome on windows (348e42e0cd2d6c3e01690685e2cea9ab)] -> xpath: //select[@id='accountSelect']]] -> tag name: option]
User's Account Number is Selected from the DropDown Menu
Trying to find Element By : By.xpath: //select[@id='accountSelect']
Found Element By : By.xpath: //select[@id='accountSelect']
Trying to find Element By : By.xpath: //select[@id='accountSelect']
Found Element By : By.xpath: //select[@id='accountSelect']
Trying to find Element By : By.tagName: option
Found Element By : By.tagName: option
Trying to click on: [[[[ChromeDriver: chrome on windows (348e42e0cd2d6c3e01690685e2cea9ab)] -> xpath: //select[@id='accountSelect']]] -> tag name: option]
Clicked on: [[[[ChromeDriver: chrome on windows (348e42e0cd2d6c3e01690685e2cea9ab)] -> xpath: //select[@id='accountSelect']]] -> tag name: option]
User's Account Number is Selected from the DropDown Menu
Trying to find Element By : By.xpath: //strong[normalize-space()='1003']
Found Element By : By.xpath: //strong[normalize-space()='1003']
Trying to find Element By : By.xpath: //strong[normalize-space()='0']
Found Element By : By.xpath: //strong[normalize-space()='0']
Trying to find Element By : By.xpath: //span[contains(text(),'Hermoine Granger')]
Found Element By : By.xpath: //span[contains(text(),'Hermoine Granger')]
Trying to find Element By : By.xpath: (//strong[normalize-space()='Rupee'])[1]
Found Element By : By.xpath: (//strong[normalize-space()='Rupee'])[1]
Actual Account Number is : 1003
Actual Account Balance is : 0
Customer Name Matched : Hermoine Granger
Account Currency Matched : Rupee
Trying to find Element By : By.xpath: //button[normalize-space()='Deposit']
Found Element By : By.xpath: //button[normalize-space()='Deposit']
Trying to find Element By : By.xpath: //button[normalize-space()='Deposit']
Found Element By : By.xpath: //button[normalize-space()='Deposit']
Trying to click on: [[ChromeDriver: chrome on windows (348e42e0cd2d6c3e01690685e2cea9ab)] -> xpath: //button[normalize-space()='Deposit']]
Clicked on: [[ChromeDriver: chrome on windows (348e42e0cd2d6c3e01690685e2cea9ab)] -> xpath: //button[normalize-space()='Deposit']]
Add Customer Button is Clicked :
Trying to find Element By : By.xpath: //input[@placeholder='amount']
Found Element By : By.xpath: //input[@placeholder='amount']
Trying to find Element By : By.xpath: //button[@type='submit']
Found Element By : By.xpath: //button[@type='submit']
Trying to click on: [[ChromeDriver: chrome on windows (348e42e0cd2d6c3e01690685e2cea9ab)] -> xpath: //button[@type='submit']]
Clicked on: [[ChromeDriver: chrome on windows (348e42e0cd2d6c3e01690685e2cea9ab)] -> xpath: //button[@type='submit']]
10  is Deposited Successfully
Trying to find Element By : By.xpath: //button[normalize-space()='Deposit']
Found Element By : By.xpath: //button[normalize-space()='Deposit']
Trying to find Element By : By.xpath: //button[normalize-space()='Deposit']
Found Element By : By.xpath: //button[normalize-space()='Deposit']
Trying to click on: [[ChromeDriver: chrome on windows (348e42e0cd2d6c3e01690685e2cea9ab)] -> xpath: //button[normalize-space()='Deposit']]
Clicked on: [[ChromeDriver: chrome on windows (348e42e0cd2d6c3e01690685e2cea9ab)] -> xpath: //button[normalize-space()='Deposit']]
Add Customer Button is Clicked :
Trying to find Element By : By.xpath: //input[@placeholder='amount']
Found Element By : By.xpath: //input[@placeholder='amount']
Trying to find Element By : By.xpath: //button[@type='submit']
Found Element By : By.xpath: //button[@type='submit']
Trying to click on: [[ChromeDriver: chrome on windows (348e42e0cd2d6c3e01690685e2cea9ab)] -> xpath: //button[@type='submit']]
Clicked on: [[ChromeDriver: chrome on windows (348e42e0cd2d6c3e01690685e2cea9ab)] -> xpath: //button[@type='submit']]
200  is Deposited Successfully
Trying to find Element By : By.xpath: //button[normalize-space()='Deposit']
Found Element By : By.xpath: //button[normalize-space()='Deposit']
Trying to find Element By : By.xpath: //button[normalize-space()='Deposit']
Found Element By : By.xpath: //button[normalize-space()='Deposit']
Trying to click on: [[ChromeDriver: chrome on windows (348e42e0cd2d6c3e01690685e2cea9ab)] -> xpath: //button[normalize-space()='Deposit']]
Clicked on: [[ChromeDriver: chrome on windows (348e42e0cd2d6c3e01690685e2cea9ab)] -> xpath: //button[normalize-space()='Deposit']]
Add Customer Button is Clicked :
Trying to find Element By : By.xpath: //input[@placeholder='amount']
Found Element By : By.xpath: //input[@placeholder='amount']
Trying to find Element By : By.xpath: //button[@type='submit']
Found Element By : By.xpath: //button[@type='submit']
Trying to click on: [[ChromeDriver: chrome on windows (348e42e0cd2d6c3e01690685e2cea9ab)] -> xpath: //button[@type='submit']]
Clicked on: [[ChromeDriver: chrome on windows (348e42e0cd2d6c3e01690685e2cea9ab)] -> xpath: //button[@type='submit']]
3000  is Deposited Successfully
Trying to find Element By : By.xpath: //button[normalize-space()='Deposit']
Found Element By : By.xpath: //button[normalize-space()='Deposit']
Trying to find Element By : By.xpath: //button[normalize-space()='Deposit']
Found Element By : By.xpath: //button[normalize-space()='Deposit']
Trying to click on: [[ChromeDriver: chrome on windows (348e42e0cd2d6c3e01690685e2cea9ab)] -> xpath: //button[normalize-space()='Deposit']]
Clicked on: [[ChromeDriver: chrome on windows (348e42e0cd2d6c3e01690685e2cea9ab)] -> xpath: //button[normalize-space()='Deposit']]
Add Customer Button is Clicked :
Trying to find Element By : By.xpath: //input[@placeholder='amount']
Found Element By : By.xpath: //input[@placeholder='amount']
Trying to find Element By : By.xpath: //button[@type='submit']
Found Element By : By.xpath: //button[@type='submit']
Trying to click on: [[ChromeDriver: chrome on windows (348e42e0cd2d6c3e01690685e2cea9ab)] -> xpath: //button[@type='submit']]
Clicked on: [[ChromeDriver: chrome on windows (348e42e0cd2d6c3e01690685e2cea9ab)] -> xpath: //button[@type='submit']]
40000  is Deposited Successfully
Trying to find Element By : By.xpath: //button[normalize-space()='Deposit']
Found Element By : By.xpath: //button[normalize-space()='Deposit']
Trying to find Element By : By.xpath: //button[normalize-space()='Deposit']
Found Element By : By.xpath: //button[normalize-space()='Deposit']
Trying to click on: [[ChromeDriver: chrome on windows (348e42e0cd2d6c3e01690685e2cea9ab)] -> xpath: //button[normalize-space()='Deposit']]
Clicked on: [[ChromeDriver: chrome on windows (348e42e0cd2d6c3e01690685e2cea9ab)] -> xpath: //button[normalize-space()='Deposit']]
Add Customer Button is Clicked :
Trying to find Element By : By.xpath: //input[@placeholder='amount']
Found Element By : By.xpath: //input[@placeholder='amount']
Trying to find Element By : By.xpath: //button[@type='submit']
Found Element By : By.xpath: //button[@type='submit']
Trying to click on: [[ChromeDriver: chrome on windows (348e42e0cd2d6c3e01690685e2cea9ab)] -> xpath: //button[@type='submit']]
Clicked on: [[ChromeDriver: chrome on windows (348e42e0cd2d6c3e01690685e2cea9ab)] -> xpath: //button[@type='submit']]
500000  is Deposited Successfully
Trying to find Element By : By.xpath: //button[normalize-space()='Withdrawl']
Found Element By : By.xpath: //button[normalize-space()='Withdrawl']
Trying to find Element By : By.xpath: //button[normalize-space()='Withdrawl']
Found Element By : By.xpath: //button[normalize-space()='Withdrawl']
Trying to click on: [[ChromeDriver: chrome on windows (348e42e0cd2d6c3e01690685e2cea9ab)] -> xpath: //button[normalize-space()='Withdrawl']]
Clicked on: [[ChromeDriver: chrome on windows (348e42e0cd2d6c3e01690685e2cea9ab)] -> xpath: //button[normalize-space()='Withdrawl']]
Add Customer Button is Clicked :
Trying to find Element By : By.xpath: //input[@placeholder='amount']
Found Element By : By.xpath: //input[@placeholder='amount']
Trying to find Element By : By.xpath: //button[normalize-space()='Withdraw']
Found Element By : By.xpath: //button[normalize-space()='Withdraw']
Trying to click on: [[ChromeDriver: chrome on windows (348e42e0cd2d6c3e01690685e2cea9ab)] -> xpath: //button[normalize-space()='Withdraw']]
Clicked on: [[ChromeDriver: chrome on windows (348e42e0cd2d6c3e01690685e2cea9ab)] -> xpath: //button[normalize-space()='Withdraw']]
0  is Withdrawn Successfully
Trying to find Element By : By.xpath: //button[normalize-space()='Withdrawl']
Found Element By : By.xpath: //button[normalize-space()='Withdrawl']
Trying to find Element By : By.xpath: //button[normalize-space()='Withdrawl']
Found Element By : By.xpath: //button[normalize-space()='Withdrawl']
Trying to click on: [[ChromeDriver: chrome on windows (348e42e0cd2d6c3e01690685e2cea9ab)] -> xpath: //button[normalize-space()='Withdrawl']]
Clicked on: [[ChromeDriver: chrome on windows (348e42e0cd2d6c3e01690685e2cea9ab)] -> xpath: //button[normalize-space()='Withdrawl']]
Add Customer Button is Clicked :
Trying to find Element By : By.xpath: //input[@placeholder='amount']
Found Element By : By.xpath: //input[@placeholder='amount']
Trying to find Element By : By.xpath: //button[normalize-space()='Withdraw']
Found Element By : By.xpath: //button[normalize-space()='Withdraw']
Trying to click on: [[ChromeDriver: chrome on windows (348e42e0cd2d6c3e01690685e2cea9ab)] -> xpath: //button[normalize-space()='Withdraw']]
Clicked on: [[ChromeDriver: chrome on windows (348e42e0cd2d6c3e01690685e2cea9ab)] -> xpath: //button[normalize-space()='Withdraw']]
10  is Withdrawn Successfully
Trying to find Element By : By.xpath: //button[normalize-space()='Withdrawl']
Found Element By : By.xpath: //button[normalize-space()='Withdrawl']
Trying to find Element By : By.xpath: //button[normalize-space()='Withdrawl']
Found Element By : By.xpath: //button[normalize-space()='Withdrawl']
Trying to click on: [[ChromeDriver: chrome on windows (348e42e0cd2d6c3e01690685e2cea9ab)] -> xpath: //button[normalize-space()='Withdrawl']]
Clicked on: [[ChromeDriver: chrome on windows (348e42e0cd2d6c3e01690685e2cea9ab)] -> xpath: //button[normalize-space()='Withdrawl']]
Add Customer Button is Clicked :
Trying to find Element By : By.xpath: //input[@placeholder='amount']
Found Element By : By.xpath: //input[@placeholder='amount']
Trying to find Element By : By.xpath: //button[normalize-space()='Withdraw']
Found Element By : By.xpath: //button[normalize-space()='Withdraw']
Trying to click on: [[ChromeDriver: chrome on windows (348e42e0cd2d6c3e01690685e2cea9ab)] -> xpath: //button[normalize-space()='Withdraw']]
Clicked on: [[ChromeDriver: chrome on windows (348e42e0cd2d6c3e01690685e2cea9ab)] -> xpath: //button[normalize-space()='Withdraw']]
200  is Withdrawn Successfully
Trying to find Element By : By.xpath: //button[normalize-space()='Withdrawl']
Found Element By : By.xpath: //button[normalize-space()='Withdrawl']
Trying to find Element By : By.xpath: //button[normalize-space()='Withdrawl']
Found Element By : By.xpath: //button[normalize-space()='Withdrawl']
Trying to click on: [[ChromeDriver: chrome on windows (348e42e0cd2d6c3e01690685e2cea9ab)] -> xpath: //button[normalize-space()='Withdrawl']]
Clicked on: [[ChromeDriver: chrome on windows (348e42e0cd2d6c3e01690685e2cea9ab)] -> xpath: //button[normalize-space()='Withdrawl']]
Add Customer Button is Clicked :
Trying to find Element By : By.xpath: //input[@placeholder='amount']
Found Element By : By.xpath: //input[@placeholder='amount']
Trying to find Element By : By.xpath: //button[normalize-space()='Withdraw']
Found Element By : By.xpath: //button[normalize-space()='Withdraw']
Trying to click on: [[ChromeDriver: chrome on windows (348e42e0cd2d6c3e01690685e2cea9ab)] -> xpath: //button[normalize-space()='Withdraw']]
Clicked on: [[ChromeDriver: chrome on windows (348e42e0cd2d6c3e01690685e2cea9ab)] -> xpath: //button[normalize-space()='Withdraw']]
3000  is Withdrawn Successfully
Trying to find Element By : By.xpath: //button[normalize-space()='Withdrawl']
Found Element By : By.xpath: //button[normalize-space()='Withdrawl']
Trying to find Element By : By.xpath: //button[normalize-space()='Withdrawl']
Found Element By : By.xpath: //button[normalize-space()='Withdrawl']
Trying to click on: [[ChromeDriver: chrome on windows (348e42e0cd2d6c3e01690685e2cea9ab)] -> xpath: //button[normalize-space()='Withdrawl']]
Clicked on: [[ChromeDriver: chrome on windows (348e42e0cd2d6c3e01690685e2cea9ab)] -> xpath: //button[normalize-space()='Withdrawl']]
Add Customer Button is Clicked :
Trying to find Element By : By.xpath: //input[@placeholder='amount']
Found Element By : By.xpath: //input[@placeholder='amount']
Trying to find Element By : By.xpath: //button[normalize-space()='Withdraw']
Found Element By : By.xpath: //button[normalize-space()='Withdraw']
Trying to click on: [[ChromeDriver: chrome on windows (348e42e0cd2d6c3e01690685e2cea9ab)] -> xpath: //button[normalize-space()='Withdraw']]
Clicked on: [[ChromeDriver: chrome on windows (348e42e0cd2d6c3e01690685e2cea9ab)] -> xpath: //button[normalize-space()='Withdraw']]
40000  is Withdrawn Successfully
Trying to find Element By : By.xpath: //button[normalize-space()='Withdrawl']
Found Element By : By.xpath: //button[normalize-space()='Withdrawl']
Trying to find Element By : By.xpath: //button[normalize-space()='Withdrawl']
Found Element By : By.xpath: //button[normalize-space()='Withdrawl']
Trying to click on: [[ChromeDriver: chrome on windows (348e42e0cd2d6c3e01690685e2cea9ab)] -> xpath: //button[normalize-space()='Withdrawl']]
Clicked on: [[ChromeDriver: chrome on windows (348e42e0cd2d6c3e01690685e2cea9ab)] -> xpath: //button[normalize-space()='Withdrawl']]
Add Customer Button is Clicked :
Trying to find Element By : By.xpath: //input[@placeholder='amount']
Found Element By : By.xpath: //input[@placeholder='amount']
Trying to find Element By : By.xpath: //button[normalize-space()='Withdraw']
Found Element By : By.xpath: //button[normalize-space()='Withdraw']
Trying to click on: [[ChromeDriver: chrome on windows (348e42e0cd2d6c3e01690685e2cea9ab)] -> xpath: //button[normalize-space()='Withdraw']]
Clicked on: [[ChromeDriver: chrome on windows (348e42e0cd2d6c3e01690685e2cea9ab)] -> xpath: //button[normalize-space()='Withdraw']]
500000  is Withdrawn Successfully
Trying to find Element By : By.xpath: //button[normalize-space()='Transactions']
Found Element By : By.xpath: //button[normalize-space()='Transactions']
Trying to find Element By : By.xpath: //button[normalize-space()='Transactions']
Found Element By : By.xpath: //button[normalize-space()='Transactions']
Trying to click on: [[ChromeDriver: chrome on windows (348e42e0cd2d6c3e01690685e2cea9ab)] -> xpath: //button[normalize-space()='Transactions']]
Clicked on: [[ChromeDriver: chrome on windows (348e42e0cd2d6c3e01690685e2cea9ab)] -> xpath: //button[normalize-space()='Transactions']]
Transaction Button is Clicked
Trying to find Element By : By.xpath: //button[normalize-space()='Withdraw']
Found Element By : By.xpath: //button[normalize-space()='Withdraw']
Trying to find Element By : By.xpath: //button[normalize-space()='Withdraw']
Found Element By : By.xpath: //button[normalize-space()='Withdraw']
Trying to click on: [[ChromeDriver: chrome on windows (348e42e0cd2d6c3e01690685e2cea9ab)] -> xpath: //button[normalize-space()='Withdraw']]
Clicked on: [[ChromeDriver: chrome on windows (348e42e0cd2d6c3e01690685e2cea9ab)] -> xpath: //button[normalize-space()='Withdraw']]
Forward(>) Button is Clicked
Trying to find Element By : By.xpath: //button[normalize-space()='Back']
Found Element By : By.xpath: //button[normalize-space()='Back']
Trying to find Element By : By.xpath: //button[normalize-space()='Back']
Found Element By : By.xpath: //button[normalize-space()='Back']
Trying to click on: [[ChromeDriver: chrome on windows (348e42e0cd2d6c3e01690685e2cea9ab)] -> xpath: //button[normalize-space()='Back']]
Clicked on: [[ChromeDriver: chrome on windows (348e42e0cd2d6c3e01690685e2cea9ab)] -> xpath: //button[normalize-space()='Back']]
Back Button is Clicked
Trying to find Element By : By.xpath: //button[normalize-space()='Transactions']
Found Element By : By.xpath: //button[normalize-space()='Transactions']
Trying to find Element By : By.xpath: //button[normalize-space()='Transactions']
Found Element By : By.xpath: //button[normalize-space()='Transactions']
Trying to click on: [[ChromeDriver: chrome on windows (348e42e0cd2d6c3e01690685e2cea9ab)] -> xpath: //button[normalize-space()='Transactions']]
Clicked on: [[ChromeDriver: chrome on windows (348e42e0cd2d6c3e01690685e2cea9ab)] -> xpath: //button[normalize-space()='Transactions']]
Transaction Button is Clicked
Trying to find Element By : By.xpath: //input[@id='start']
Found Element By : By.xpath: //input[@id='start']
Trying to find Element By : By.xpath: //input[@id='start']
Found Element By : By.xpath: //input[@id='start']
Trying to click on: [[ChromeDriver: chrome on windows (348e42e0cd2d6c3e01690685e2cea9ab)] -> xpath: //input[@id='start']]
Clicked on: [[ChromeDriver: chrome on windows (348e42e0cd2d6c3e01690685e2cea9ab)] -> xpath: //input[@id='start']]
Clicked on Date Picker 1
Trying to find Element By : By.xpath: //input[@id='end']
Found Element By : By.xpath: //input[@id='end']
Trying to find Element By : By.xpath: //input[@id='end']
Found Element By : By.xpath: //input[@id='end']
Trying to click on: [[ChromeDriver: chrome on windows (348e42e0cd2d6c3e01690685e2cea9ab)] -> xpath: //input[@id='end']]
Clicked on: [[ChromeDriver: chrome on windows (348e42e0cd2d6c3e01690685e2cea9ab)] -> xpath: //input[@id='end']]
Clicked on Date Picker 2
Trying to find Element By : By.xpath: //button[normalize-space()='Reset']
Found Element By : By.xpath: //button[normalize-space()='Reset']
Trying to find Element By : By.xpath: //button[normalize-space()='Reset']
Found Element By : By.xpath: //button[normalize-space()='Reset']
Trying to click on: [[ChromeDriver: chrome on windows (348e42e0cd2d6c3e01690685e2cea9ab)] -> xpath: //button[normalize-space()='Reset']]
Clicked on: [[ChromeDriver: chrome on windows (348e42e0cd2d6c3e01690685e2cea9ab)] -> xpath: //button[normalize-space()='Reset']]
]]></system-out>
    <system-err><![CDATA[Mar 11, 2024 1:49:59 PM org.openqa.selenium.devtools.CdpVersionFinder findNearestMatch
WARNING: Unable to find an exact match for CDP version 122, returning the closest version; found: 119; Please update to a Selenium version that supports CDP version 122
]]></system-err>
  </testcase>
</testsuite>