<?xml version="1.0" encoding="UTF-8"?>
<testng-results ignored="0" total="9" passed="9" failed="0" skipped="0">
  <reporter-output>
  </reporter-output>
  <suite started-at="2024-03-07T21:03:44 IST" name="FREE CRM Application Test Automation Test Suite" finished-at="2024-03-07T21:04:52 IST" duration-ms="68620">
    <groups>
    </groups>
    <test started-at="2024-03-07T21:03:44 IST" name="Free CRM App Test Cases" finished-at="2024-03-07T21:04:52 IST" duration-ms="68620">
      <class name="com.mcp.qa.testcases.ExistingCustomerTest">
        <test-method is-config="true" signature="setUp()[pri:0, instance:com.mcp.qa.testcases.ExistingCustomerTest@443118b0]" started-at="2024-03-07T21:04:12 IST" name="setUp" finished-at="2024-03-07T21:04:14 IST" duration-ms="2251" status="PASS">
          <reporter-output>
          </reporter-output>
        </test-method> <!-- setUp -->
        <test-method signature="existingtest()[pri:0, instance:com.mcp.qa.testcases.ExistingCustomerTest@443118b0]" started-at="2024-03-07T21:04:14 IST" name="existingtest" finished-at="2024-03-07T21:04:18 IST" duration-ms="3383" status="PASS">
          <reporter-output>
          </reporter-output>
        </test-method> <!-- existingtest -->
      </class> <!-- com.mcp.qa.testcases.ExistingCustomerTest -->
      <class name="com.mcp.qa.testcases.TransactionDetailsTest">
        <test-method is-config="true" signature="setUp()[pri:0, instance:com.mcp.qa.testcases.TransactionDetailsTest@618b19ad]" started-at="2024-03-07T21:04:31 IST" name="setUp" finished-at="2024-03-07T21:04:45 IST" duration-ms="14145" status="PASS">
          <reporter-output>
          </reporter-output>
        </test-method> <!-- setUp -->
        <test-method signature="testCustomerLoginFlow()[pri:0, instance:com.mcp.qa.testcases.TransactionDetailsTest@618b19ad]" started-at="2024-03-07T21:04:45 IST" name="testCustomerLoginFlow" finished-at="2024-03-07T21:04:52 IST" duration-ms="7325" status="PASS">
          <reporter-output>
          </reporter-output>
        </test-method> <!-- testCustomerLoginFlow -->
      </class> <!-- com.mcp.qa.testcases.TransactionDetailsTest -->
      <class name="com.mcp.qa.testcases.DepositAndWithdrawalTest">
        <test-method is-config="true" signature="setUp()[pri:0, instance:com.mcp.qa.testcases.DepositAndWithdrawalTest@74235045]" started-at="2024-03-07T21:04:22 IST" name="setUp" finished-at="2024-03-07T21:04:25 IST" duration-ms="2288" status="PASS">
          <reporter-output>
          </reporter-output>
        </test-method> <!-- setUp -->
        <test-method signature="testCustomerLoginFlow()[pri:0, instance:com.mcp.qa.testcases.DepositAndWithdrawalTest@74235045]" started-at="2024-03-07T21:04:25 IST" name="testCustomerLoginFlow" finished-at="2024-03-07T21:04:31 IST" duration-ms="6018" status="PASS">
          <reporter-output>
          </reporter-output>
        </test-method> <!-- testCustomerLoginFlow -->
      </class> <!-- com.mcp.qa.testcases.DepositAndWithdrawalTest -->
      <class name="com.mcp.qa.testcases.OpenAccountTest">
        <test-method is-config="true" signature="setUp()[pri:0, instance:com.mcp.qa.testcases.OpenAccountTest@639c2c1d]" started-at="2024-03-07T21:03:57 IST" name="setUp" finished-at="2024-03-07T21:04:00 IST" duration-ms="3260" status="PASS">
          <reporter-output>
          </reporter-output>
        </test-method> <!-- setUp -->
        <test-method signature="managertest()[pri:1, instance:com.mcp.qa.testcases.OpenAccountTest@639c2c1d]" started-at="2024-03-07T21:04:00 IST" name="managertest" finished-at="2024-03-07T21:04:04 IST" duration-ms="4487" status="PASS">
          <reporter-output>
          </reporter-output>
        </test-method> <!-- managertest -->
      </class> <!-- com.mcp.qa.testcases.OpenAccountTest -->
      <class name="com.mcp.qa.testcases.CustomerLoginAndDetailsTest">
        <test-method is-config="true" signature="setUp()[pri:0, instance:com.mcp.qa.testcases.CustomerLoginAndDetailsTest@765d7657]" started-at="2024-03-07T21:04:18 IST" name="setUp" finished-at="2024-03-07T21:04:20 IST" duration-ms="2293" status="PASS">
          <reporter-output>
          </reporter-output>
        </test-method> <!-- setUp -->
        <test-method signature="testCustomerLoginFlow()[pri:0, instance:com.mcp.qa.testcases.CustomerLoginAndDetailsTest@765d7657]" started-at="2024-03-07T21:04:20 IST" name="testCustomerLoginFlow" finished-at="2024-03-07T21:04:22 IST" duration-ms="2357" status="PASS">
          <reporter-output>
          </reporter-output>
        </test-method> <!-- testCustomerLoginFlow -->
      </class> <!-- com.mcp.qa.testcases.CustomerLoginAndDetailsTest -->
      <class name="com.mcp.qa.testcases.AddCustomersTest">
        <test-method is-config="true" signature="setUp()[pri:0, instance:com.mcp.qa.testcases.AddCustomersTest@515c6049]" started-at="2024-03-07T21:03:48 IST" name="setUp" finished-at="2024-03-07T21:03:50 IST" duration-ms="2267" status="PASS">
          <reporter-output>
          </reporter-output>
        </test-method> <!-- setUp -->
        <test-method signature="customerDetails()[pri:1, instance:com.mcp.qa.testcases.AddCustomersTest@515c6049]" started-at="2024-03-07T21:03:50 IST" name="customerDetails" finished-at="2024-03-07T21:03:52 IST" duration-ms="2120" status="PASS">
          <reporter-output>
          </reporter-output>
        </test-method> <!-- customerDetails -->
        <test-method is-config="true" signature="setUp()[pri:0, instance:com.mcp.qa.testcases.AddCustomersTest@515c6049]" started-at="2024-03-07T21:03:52 IST" name="setUp" finished-at="2024-03-07T21:03:54 IST" duration-ms="2131" status="PASS">
          <reporter-output>
          </reporter-output>
        </test-method> <!-- setUp -->
        <test-method signature="invalidCustomerDetails()[pri:2, instance:com.mcp.qa.testcases.AddCustomersTest@515c6049]" started-at="2024-03-07T21:03:54 IST" name="invalidCustomerDetails" finished-at="2024-03-07T21:03:57 IST" duration-ms="2102" status="PASS">
          <reporter-output>
          </reporter-output>
        </test-method> <!-- invalidCustomerDetails -->
      </class> <!-- com.mcp.qa.testcases.AddCustomersTest -->
      <class name="com.mcp.qa.testcases.HomeAndNavigationTest">
        <test-method is-config="true" signature="setUp()[pri:0, instance:com.mcp.qa.testcases.HomeAndNavigationTest@6cf0e0ba]" started-at="2024-03-07T21:03:44 IST" name="setUp" finished-at="2024-03-07T21:03:47 IST" duration-ms="2938" status="PASS">
          <reporter-output>
          </reporter-output>
        </test-method> <!-- setUp -->
        <test-method signature="Homepagefun()[pri:0, instance:com.mcp.qa.testcases.HomeAndNavigationTest@6cf0e0ba]" started-at="2024-03-07T21:03:47 IST" name="Homepagefun" finished-at="2024-03-07T21:03:48 IST" duration-ms="1275" status="PASS">
          <reporter-output>
          </reporter-output>
        </test-method> <!-- Homepagefun -->
      </class> <!-- com.mcp.qa.testcases.HomeAndNavigationTest -->
      <class name="com.mcp.qa.testcases.CustomersTest">
        <test-method is-config="true" signature="setUp()[pri:0, instance:com.mcp.qa.testcases.CustomersTest@5fe94a96]" started-at="2024-03-07T21:04:04 IST" name="setUp" finished-at="2024-03-07T21:04:07 IST" duration-ms="2262" status="PASS">
          <reporter-output>
          </reporter-output>
        </test-method> <!-- setUp -->
        <test-method signature="managertest()[pri:1, instance:com.mcp.qa.testcases.CustomersTest@5fe94a96]" started-at="2024-03-07T21:04:07 IST" name="managertest" finished-at="2024-03-07T21:04:12 IST" duration-ms="5597" status="PASS">
          <reporter-output>
          </reporter-output>
        </test-method> <!-- managertest -->
      </class> <!-- com.mcp.qa.testcases.CustomersTest -->
    </test> <!-- Free CRM App Test Cases -->
  </suite> <!-- FREE CRM Application Test Automation Test Suite -->
</testng-results>
