<?xml version="1.0" encoding="UTF-8"?>
<!-- Generated by org.testng.reporters.JUnitXMLReporter -->
<testsuite ignored="0" hostname="Rohit-RG" failures="0" tests="9" name="Free CRM App Test Cases" time="51.68" errors="0" timestamp="2024-03-07T21:38:26 IST">
  <testcase classname="com.mcp.qa.testcases.HomeAndNavigationTest" name="Homepagefun" time="1.04"/>
  <testcase classname="com.mcp.qa.testcases.AddCustomersTest" name="customerDetails" time="2.266"/>
  <testcase classname="com.mcp.qa.testcases.AddCustomersTest" name="invalidCustomerDetails" time="1.902"/>
  <testcase classname="com.mcp.qa.testcases.OpenAccountTest" name="managertest" time="4.174"/>
  <testcase classname="com.mcp.qa.testcases.CustomersTest" name="managertest" time="5.16"/>
  <testcase classname="com.mcp.qa.testcases.ExistingCustomerTest" name="existingtest" time="2.897"/>
  <testcase classname="com.mcp.qa.testcases.CustomerLoginAndDetailsTest" name="testCustomerLoginFlow" time="2.242"/>
  <testcase classname="com.mcp.qa.testcases.DepositAndWithdrawalTest" name="testCustomerLoginFlow" time="5.562"/>
  <testcase classname="com.mcp.qa.testcases.TransactionDetailsTest" name="testCustomerLoginFlow" time="6.652"/>
</testsuite> <!-- Free CRM App Test Cases -->
